# JRE version: Java(TM) SE Runtime Environment (8.0_25-b18) (build 1.8.0_25-b18)
# Java VM: Java HotSpot(TM) 64-Bit Server VM (25.25-b02 mixed mode windows-amd64 compressed oops)
Heap:
 PSYoungGen      total 54784K, used 26068K [0x00000000eb500000, 0x00000000ef680000, 0x0000000100000000)
  eden space 44544K, 37% used [0x00000000eb500000,0x00000000ec587358,0x00000000ee080000)
  from space 10240K, 89% used [0x00000000eec80000,0x00000000ef56e050,0x00000000ef680000)
  to   space 11264K, 0% used [0x00000000ee080000,0x00000000ee080000,0x00000000eeb80000)
 ParOldGen       total 34816K, used 15340K [0x00000000c1e00000, 0x00000000c4000000, 0x00000000eb500000)
  object space 34816K, 44% used [0x00000000c1e00000,0x00000000c2cfb088,0x00000000c4000000)
 Metaspace       used 30777K, capacity 30992K, committed 31488K, reserved 1077248K
  class space    used 3946K, capacity 4028K, committed 4096K, reserved 1048576K
GC Heap History (10 events):
Event: 18.879 GC heap before
{Heap before GC invocations=5 (full 1):
 PSYoungGen      total 18944K, used 16384K [0x00000000eb500000, 0x00000000eca00000, 0x0000000100000000)
  eden space 16384K, 100% used [0x00000000eb500000,0x00000000ec500000,0x00000000ec500000)
  from space 2560K, 0% used [0x00000000ec500000,0x00000000ec500000,0x00000000ec780000)
  to   space 2560K, 0% used [0x00000000ec780000,0x00000000ec780000,0x00000000eca00000)
 ParOldGen       total 34816K, used 5829K [0x00000000c1e00000, 0x00000000c4000000, 0x00000000eb500000)
  object space 34816K, 16% used [0x00000000c1e00000,0x00000000c23b1758,0x00000000c4000000)
 Metaspace       used 24104K, capacity 24296K, committed 24704K, reserved 1071104K
  class space    used 3031K, capacity 3118K, committed 3200K, reserved 1048576K
Event: 18.884 GC heap after
Heap after GC invocations=5 (full 1):
 PSYoungGen      total 18944K, used 2547K [0x00000000eb500000, 0x00000000ed080000, 0x0000000100000000)
  eden space 16384K, 0% used [0x00000000eb500000,0x00000000eb500000,0x00000000ec500000)
  from space 2560K, 99% used [0x00000000ec780000,0x00000000ec9fcd40,0x00000000eca00000)
  to   space 2560K, 0% used [0x00000000ec500000,0x00000000ec500000,0x00000000ec780000)
 ParOldGen       total 34816K, used 7350K [0x00000000c1e00000, 0x00000000c4000000, 0x00000000eb500000)
  object space 34816K, 21% used [0x00000000c1e00000,0x00000000c252da10,0x00000000c4000000)
 Metaspace       used 24104K, capacity 24296K, committed 24704K, reserved 1071104K
  class space    used 3031K, capacity 3118K, committed 3200K, reserved 1048576K
}
Event: 18.950 GC heap before
{Heap before GC invocations=6 (full 1):
 PSYoungGen      total 18944K, used 18931K [0x00000000eb500000, 0x00000000ed080000, 0x0000000100000000)
  eden space 16384K, 100% used [0x00000000eb500000,0x00000000ec500000,0x00000000ec500000)
  from space 2560K, 99% used [0x00000000ec780000,0x00000000ec9fcd40,0x00000000eca00000)
  to   space 2560K, 0% used [0x00000000ec500000,0x00000000ec500000,0x00000000ec780000)
 ParOldGen       total 34816K, used 7350K [0x00000000c1e00000, 0x00000000c4000000, 0x00000000eb500000)
  object space 34816K, 21% used [0x00000000c1e00000,0x00000000c252da10,0x00000000c4000000)
 Metaspace       used 24106K, capacity 24296K, committed 24704K, reserved 1071104K
  class space    used 3031K, capacity 3118K, committed 3200K, reserved 1048576K
Event: 18.954 GC heap after
Heap after GC invocations=6 (full 1):
 PSYoungGen      total 18944K, used 2528K [0x00000000eb500000, 0x00000000ede00000, 0x0000000100000000)
  eden space 16384K, 0% used [0x00000000eb500000,0x00000000eb500000,0x00000000ec500000)
  from space 2560K, 98% used [0x00000000ec500000,0x00000000ec778058,0x00000000ec780000)
  to   space 7168K, 0% used [0x00000000ed700000,0x00000000ed700000,0x00000000ede00000)
 ParOldGen       total 34816K, used 11017K [0x00000000c1e00000, 0x00000000c4000000, 0x00000000eb500000)
  object space 34816K, 31% used [0x00000000c1e00000,0x00000000c28c27a0,0x00000000c4000000)
 Metaspace       used 24106K, capacity 24296K, committed 24704K, reserved 1071104K
  class space    used 3031K, capacity 3118K, committed 3200K, reserved 1048576K
}
Event: 19.015 GC heap before
{Heap before GC invocations=7 (full 1):
 PSYoungGen      total 18944K, used 18912K [0x00000000eb500000, 0x00000000ede00000, 0x0000000100000000)
  eden space 16384K, 100% used [0x00000000eb500000,0x00000000ec500000,0x00000000ec500000)
  from space 2560K, 98% used [0x00000000ec500000,0x00000000ec778058,0x00000000ec780000)
  to   space 7168K, 0% used [0x00000000ed700000,0x00000000ed700000,0x00000000ede00000)
 ParOldGen       total 34816K, used 11017K [0x00000000c1e00000, 0x00000000c4000000, 0x00000000eb500000)
  object space 34816K, 31% used [0x00000000c1e00000,0x00000000c28c27a0,0x00000000c4000000)
 Metaspace       used 24106K, capacity 24296K, committed 24704K, reserved 1071104K
  class space    used 3031K, capacity 3118K, committed 3200K, reserved 1048576K
Event: 19.021 GC heap after
Heap after GC invocations=7 (full 1):
 PSYoungGen      total 33792K, used 7146K [0x00000000eb500000, 0x00000000ee180000, 0x0000000100000000)
  eden space 26624K, 0% used [0x00000000eb500000,0x00000000eb500000,0x00000000ecf00000)
  from space 7168K, 99% used [0x00000000ed700000,0x00000000eddfa868,0x00000000ede00000)
  to   space 8192K, 0% used [0x00000000ecf00000,0x00000000ecf00000,0x00000000ed700000)
 ParOldGen       total 34816K, used 11723K [0x00000000c1e00000, 0x00000000c4000000, 0x00000000eb500000)
  object space 34816K, 33% used [0x00000000c1e00000,0x00000000c2972e58,0x00000000c4000000)
 Metaspace       used 24106K, capacity 24296K, committed 24704K, reserved 1071104K
  class space    used 3031K, capacity 3118K, committed 3200K, reserved 1048576K
}
Event: 19.614 GC heap before
{Heap before GC invocations=8 (full 1):
 PSYoungGen      total 33792K, used 33770K [0x00000000eb500000, 0x00000000ee180000, 0x0000000100000000)
  eden space 26624K, 100% used [0x00000000eb500000,0x00000000ecf00000,0x00000000ecf00000)
  from space 7168K, 99% used [0x00000000ed700000,0x00000000eddfa868,0x00000000ede00000)
  to   space 8192K, 0% used [0x00000000ecf00000,0x00000000ecf00000,0x00000000ed700000)
 ParOldGen       total 34816K, used 11723K [0x00000000c1e00000, 0x00000000c4000000, 0x00000000eb500000)
  object space 34816K, 33% used [0x00000000c1e00000,0x00000000c2972e58,0x00000000c4000000)
 Metaspace       used 25184K, capacity 25422K, committed 25856K, reserved 1071104K
  class space    used 3140K, capacity 3215K, committed 3328K, reserved 1048576K
Event: 19.621 GC heap after
Heap after GC invocations=8 (full 1):
 PSYoungGen      total 34816K, used 8172K [0x00000000eb500000, 0x00000000ef700000, 0x0000000100000000)
  eden space 26624K, 0% used [0x00000000eb500000,0x00000000eb500000,0x00000000ecf00000)
  from space 8192K, 99% used [0x00000000ecf00000,0x00000000ed6fb0b8,0x00000000ed700000)
  to   space 10752K, 0% used [0x00000000eec80000,0x00000000eec80000,0x00000000ef700000)
 ParOldGen       total 34816K, used 14215K [0x00000000c1e00000, 0x00000000c4000000, 0x00000000eb500000)
  object space 34816K, 40% used [0x00000000c1e00000,0x00000000c2be1c68,0x00000000c4000000)
 Metaspace       used 25184K, capacity 25422K, committed 25856K, reserved 1071104K
  class space    used 3140K, capacity 3215K, committed 3328K, reserved 1048576K
}
Event: 32.282 GC heap before
{Heap before GC invocations=9 (full 1):
 PSYoungGen      total 34816K, used 34796K [0x00000000eb500000, 0x00000000ef700000, 0x0000000100000000)
  eden space 26624K, 100% used [0x00000000eb500000,0x00000000ecf00000,0x00000000ecf00000)
  from space 8192K, 99% used [0x00000000ecf00000,0x00000000ed6fb0b8,0x00000000ed700000)
  to   space 10752K, 0% used [0x00000000eec80000,0x00000000eec80000,0x00000000ef700000)
 ParOldGen       total 34816K, used 14215K [0x00000000c1e00000, 0x00000000c4000000, 0x00000000eb500000)
  object space 34816K, 40% used [0x00000000c1e00000,0x00000000c2be1c68,0x00000000c4000000)
 Metaspace       used 28569K, capacity 28794K, committed 29056K, reserved 1075200K
  class space    used 3605K, capacity 3697K, committed 3712K, reserved 1048576K
Event: 32.295 GC heap after
Heap after GC invocations=9 (full 1):
 PSYoungGen      total 54784K, used 9144K [0x00000000eb500000, 0x00000000ef680000, 0x0000000100000000)
  eden space 44544K, 0% used [0x00000000eb500000,0x00000000eb500000,0x00000000ee080000)
  from space 10240K, 89% used [0x00000000eec80000,0x00000000ef56e050,0x00000000ef680000)
  to   space 11264K, 0% used [0x00000000ee080000,0x00000000ee080000,0x00000000eeb80000)
 ParOldGen       total 34816K, used 15340K [0x00000000c1e00000, 0x00000000c4000000, 0x00000000eb500000)
  object space 34816K, 44% used [0x00000000c1e00000,0x00000000c2cfb088,0x00000000c4000000)
 Metaspace       used 28569K, capacity 28794K, committed 29056K, reserved 1075200K
  class space    used 3605K, capacity 3697K, committed 3712K, reserved 1048576K
}

