# JRE version: Java(TM) SE Runtime Environment (8.0_25-b18) (build 1.8.0_25-b18)
# Java VM: Java HotSpot(TM) 64-Bit Server VM (25.25-b02 mixed mode windows-amd64 compressed oops)
Heap:
 PSYoungGen      total 49664K, used 29930K [0x00000000eb500000, 0x00000000efb00000, 0x0000000100000000)
  eden space 29696K, 46% used [0x00000000eb500000,0x00000000ec28bd58,0x00000000ed200000)
  from space 19968K, 80% used [0x00000000ed280000,0x00000000ee22ee20,0x00000000ee600000)
  to   space 20992K, 0% used [0x00000000ee680000,0x00000000ee680000,0x00000000efb00000)
 ParOldGen       total 49664K, used 18746K [0x00000000c1e00000, 0x00000000c4e80000, 0x00000000eb500000)
  object space 49664K, 37% used [0x00000000c1e00000,0x00000000c304e960,0x00000000c4e80000)
 Metaspace       used 44651K, capacity 45092K, committed 45400K, reserved 1089536K
  class space    used 5373K, capacity 5489K, committed 5504K, reserved 1048576K
GC Heap History (10 events):
Event: 233.671 GC heap before
{Heap before GC invocations=13 (full 2):
 PSYoungGen      total 43520K, used 32256K [0x00000000eb500000, 0x00000000efa80000, 0x0000000100000000)
  eden space 32256K, 100% used [0x00000000eb500000,0x00000000ed480000,0x00000000ed480000)
  from space 11264K, 0% used [0x00000000eee00000,0x00000000eee00000,0x00000000ef900000)
  to   space 19456K, 0% used [0x00000000ed480000,0x00000000ed480000,0x00000000ee780000)
 ParOldGen       total 49664K, used 18714K [0x00000000c1e00000, 0x00000000c4e80000, 0x00000000eb500000)
  object space 49664K, 37% used [0x00000000c1e00000,0x00000000c3046960,0x00000000c4e80000)
 Metaspace       used 35017K, capacity 35302K, committed 35672K, reserved 1081344K
  class space    used 4285K, capacity 4387K, committed 4480K, reserved 1048576K
Event: 233.676 GC heap after
Heap after GC invocations=13 (full 2):
 PSYoungGen      total 35840K, used 4096K [0x00000000eb500000, 0x00000000efa00000, 0x0000000100000000)
  eden space 31744K, 0% used [0x00000000eb500000,0x00000000eb500000,0x00000000ed400000)
  from space 4096K, 100% used [0x00000000ed480000,0x00000000ed880000,0x00000000ed880000)
  to   space 19456K, 0% used [0x00000000ee700000,0x00000000ee700000,0x00000000efa00000)
 ParOldGen       total 49664K, used 18722K [0x00000000c1e00000, 0x00000000c4e80000, 0x00000000eb500000)
  object space 49664K, 37% used [0x00000000c1e00000,0x00000000c3048960,0x00000000c4e80000)
 Metaspace       used 35017K, capacity 35302K, committed 35672K, reserved 1081344K
  class space    used 4285K, capacity 4387K, committed 4480K, reserved 1048576K
}
Event: 285.771 GC heap before
{Heap before GC invocations=14 (full 2):
 PSYoungGen      total 35840K, used 35840K [0x00000000eb500000, 0x00000000efa00000, 0x0000000100000000)
  eden space 31744K, 100% used [0x00000000eb500000,0x00000000ed400000,0x00000000ed400000)
  from space 4096K, 100% used [0x00000000ed480000,0x00000000ed880000,0x00000000ed880000)
  to   space 19456K, 0% used [0x00000000ee700000,0x00000000ee700000,0x00000000efa00000)
 ParOldGen       total 49664K, used 18722K [0x00000000c1e00000, 0x00000000c4e80000, 0x00000000eb500000)
  object space 49664K, 37% used [0x00000000c1e00000,0x00000000c3048960,0x00000000c4e80000)
 Metaspace       used 35892K, capacity 36158K, committed 36440K, reserved 1081344K
  class space    used 4373K, capacity 4455K, committed 4480K, reserved 1048576K
Event: 285.782 GC heap after
Heap after GC invocations=14 (full 2):
 PSYoungGen      total 49152K, used 6130K [0x00000000eb500000, 0x00000000ef880000, 0x0000000100000000)
  eden space 31232K, 0% used [0x00000000eb500000,0x00000000eb500000,0x00000000ed380000)
  from space 17920K, 34% used [0x00000000ee700000,0x00000000eecfc8d0,0x00000000ef880000)
  to   space 18944K, 0% used [0x00000000ed380000,0x00000000ed380000,0x00000000ee600000)
 ParOldGen       total 49664K, used 18722K [0x00000000c1e00000, 0x00000000c4e80000, 0x00000000eb500000)
  object space 49664K, 37% used [0x00000000c1e00000,0x00000000c3048960,0x00000000c4e80000)
 Metaspace       used 35892K, capacity 36158K, committed 36440K, reserved 1081344K
  class space    used 4373K, capacity 4455K, committed 4480K, reserved 1048576K
}
Event: 288.626 GC heap before
{Heap before GC invocations=15 (full 2):
 PSYoungGen      total 49152K, used 37362K [0x00000000eb500000, 0x00000000ef880000, 0x0000000100000000)
  eden space 31232K, 100% used [0x00000000eb500000,0x00000000ed380000,0x00000000ed380000)
  from space 17920K, 34% used [0x00000000ee700000,0x00000000eecfc8d0,0x00000000ef880000)
  to   space 18944K, 0% used [0x00000000ed380000,0x00000000ed380000,0x00000000ee600000)
 ParOldGen       total 49664K, used 18722K [0x00000000c1e00000, 0x00000000c4e80000, 0x00000000eb500000)
  object space 49664K, 37% used [0x00000000c1e00000,0x00000000c3048960,0x00000000c4e80000)
 Metaspace       used 42099K, capacity 42504K, committed 42840K, reserved 1087488K
  class space    used 5108K, capacity 5207K, committed 5248K, reserved 1048576K
Event: 288.637 GC heap after
Heap after GC invocations=15 (full 2):
 PSYoungGen      total 49664K, used 11904K [0x00000000eb500000, 0x00000000ef900000, 0x0000000100000000)
  eden space 30720K, 0% used [0x00000000eb500000,0x00000000eb500000,0x00000000ed300000)
  from space 18944K, 62% used [0x00000000ed380000,0x00000000edf20198,0x00000000ee600000)
  to   space 19456K, 0% used [0x00000000ee600000,0x00000000ee600000,0x00000000ef900000)
 ParOldGen       total 49664K, used 18730K [0x00000000c1e00000, 0x00000000c4e80000, 0x00000000eb500000)
  object space 49664K, 37% used [0x00000000c1e00000,0x00000000c304a960,0x00000000c4e80000)
 Metaspace       used 42099K, capacity 42504K, committed 42840K, reserved 1087488K
  class space    used 5108K, capacity 5207K, committed 5248K, reserved 1048576K
}
Event: 319.633 GC heap before
{Heap before GC invocations=16 (full 2):
 PSYoungGen      total 49664K, used 42624K [0x00000000eb500000, 0x00000000ef900000, 0x0000000100000000)
  eden space 30720K, 100% used [0x00000000eb500000,0x00000000ed300000,0x00000000ed300000)
  from space 18944K, 62% used [0x00000000ed380000,0x00000000edf20198,0x00000000ee600000)
  to   space 19456K, 0% used [0x00000000ee600000,0x00000000ee600000,0x00000000ef900000)
 ParOldGen       total 49664K, used 18730K [0x00000000c1e00000, 0x00000000c4e80000, 0x00000000eb500000)
  object space 49664K, 37% used [0x00000000c1e00000,0x00000000c304a960,0x00000000c4e80000)
 Metaspace       used 44492K, capacity 45012K, committed 45400K, reserved 1089536K
  class space    used 5370K, capacity 5487K, committed 5504K, reserved 1048576K
Event: 319.648 GC heap after
Heap after GC invocations=16 (full 2):
 PSYoungGen      total 49664K, used 13187K [0x00000000eb500000, 0x00000000ef980000, 0x0000000100000000)
  eden space 30208K, 0% used [0x00000000eb500000,0x00000000eb500000,0x00000000ed280000)
  from space 19456K, 67% used [0x00000000ee600000,0x00000000ef2e0eb0,0x00000000ef900000)
  to   space 19968K, 0% used [0x00000000ed280000,0x00000000ed280000,0x00000000ee600000)
 ParOldGen       total 49664K, used 18738K [0x00000000c1e00000, 0x00000000c4e80000, 0x00000000eb500000)
  object space 49664K, 37% used [0x00000000c1e00000,0x00000000c304c960,0x00000000c4e80000)
 Metaspace       used 44492K, capacity 45012K, committed 45400K, reserved 1089536K
  class space    used 5370K, capacity 5487K, committed 5504K, reserved 1048576K
}
Event: 362.708 GC heap before
{Heap before GC invocations=17 (full 2):
 PSYoungGen      total 49664K, used 43395K [0x00000000eb500000, 0x00000000ef980000, 0x0000000100000000)
  eden space 30208K, 100% used [0x00000000eb500000,0x00000000ed280000,0x00000000ed280000)
  from space 19456K, 67% used [0x00000000ee600000,0x00000000ef2e0eb0,0x00000000ef900000)
  to   space 19968K, 0% used [0x00000000ed280000,0x00000000ed280000,0x00000000ee600000)
 ParOldGen       total 49664K, used 18738K [0x00000000c1e00000, 0x00000000c4e80000, 0x00000000eb500000)
  object space 49664K, 37% used [0x00000000c1e00000,0x00000000c304c960,0x00000000c4e80000)
 Metaspace       used 44588K, capacity 45088K, committed 45400K, reserved 1089536K
  class space    used 5372K, capacity 5489K, committed 5504K, reserved 1048576K
Event: 362.723 GC heap after
Heap after GC invocations=17 (full 2):
 PSYoungGen      total 49664K, used 16059K [0x00000000eb500000, 0x00000000efb00000, 0x0000000100000000)
  eden space 29696K, 0% used [0x00000000eb500000,0x00000000eb500000,0x00000000ed200000)
  from space 19968K, 80% used [0x00000000ed280000,0x00000000ee22ee20,0x00000000ee600000)
  to   space 20992K, 0% used [0x00000000ee680000,0x00000000ee680000,0x00000000efb00000)
 ParOldGen       total 49664K, used 18746K [0x00000000c1e00000, 0x00000000c4e80000, 0x00000000eb500000)
  object space 49664K, 37% used [0x00000000c1e00000,0x00000000c304e960,0x00000000c4e80000)
 Metaspace       used 44588K, capacity 45088K, committed 45400K, reserved 1089536K
  class space    used 5372K, capacity 5489K, committed 5504K, reserved 1048576K
}

